<?xml version="1.0" encoding="UTF-8"?>
<!-- Generated by org.testng.reporters.JUnitReportReporter -->
<testsuite hostname="LTIBUK05463" failures="0" tests="1" name="com.mavenseleniumproj.tests.DashboardTest" time="8.110" errors="0" timestamp="2022-03-22T22:57:10 GMT" skipped="0">
  <testcase classname="com.mavenseleniumproj.tests.DashboardTest" name="login" time="8.110"/>
  <system-out/>
</testsuite> <!-- com.mavenseleniumproj.tests.DashboardTest -->
