<?xml version="1.0" encoding="UTF-8"?>
<!-- Generated by org.testng.reporters.JUnitReportReporter -->
<testsuite hostname="LTIBUK05463" failures="0" tests="1" name="com.mavenseleniumproj.tests.LoginTests" time="0.982" errors="0" timestamp="2022-03-21T18:50:50 GMT" skipped="0">
  <testcase classname="com.mavenseleniumproj.tests.LoginTests" name="validateLoginCred" time="0.982"/>
  <system-out/>
</testsuite> <!-- com.mavenseleniumproj.tests.LoginTests -->
