<?xml version="1.0" encoding="UTF-8"?>
<!-- Generated by org.testng.reporters.JUnitReportReporter -->
<testsuite hostname="LTIBUK05463" failures="0" tests="4" name="com.mavenseleniumproj.tests.DashboardTest" time="132.849" errors="0" timestamp="2022-03-22T23:16:12 GMT" skipped="0">
  <testcase classname="com.mavenseleniumproj.tests.DashboardTest" name="login" time="31.374"/>
  <system-out/>
  <testcase classname="com.mavenseleniumproj.tests.DashboardTest" name="openSpecificDashboard" time="34.614"/>
  <system-out/>
  <testcase classname="com.mavenseleniumproj.tests.DashboardTest" name="dateOperation" time="30.305"/>
  <system-out/>
  <testcase classname="com.mavenseleniumproj.tests.DashboardTest" name="copyCurrentDashboard" time="36.556"/>
  <system-out/>
</testsuite> <!-- com.mavenseleniumproj.tests.DashboardTest -->
